<?xml version="1.0" encoding="UTF-8"?>
<!-- Generated by org.testng.reporters.JUnitReportReporter -->
<testsuite hostname="LAPTOP-GTM2QHS4" failures="0" tests="1" name="files.DynamicJson" time="1.647" errors="0" timestamp="2024-12-15T16:31:46 IST" skipped="0">
  <testcase classname="files.DynamicJson" name="addBook" time="1.647"/>
  <system-out/>
</testsuite> <!-- files.DynamicJson -->
