<?xml version="1.0" encoding="UTF-8"?>
<!-- Generated by org.testng.reporters.JUnitReportReporter -->
<testsuite hostname="LAPTOP-GTM2QHS4" failures="0" tests="3" name="api_Udemy.dynamicJson" time="4.109" errors="0" timestamp="2024-12-16T12:35:30 IST" skipped="0">
  <testcase classname="api_Udemy.dynamicJson" name="addBook" time="3.541"/>
  <system-out/>
  <testcase classname="api_Udemy.dynamicJson" name="addBook" time="0.292"/>
  <system-out/>
  <testcase classname="api_Udemy.dynamicJson" name="addBook" time="0.276"/>
  <system-out/>
</testsuite> <!-- api_Udemy.dynamicJson -->
