<?xml version="1.0" encoding="UTF-8"?>
<!-- Generated by org.testng.reporters.JUnitReportReporter -->
<testsuite hostname="LAPTOP-GTM2QHS4" failures="0" tests="1" name="api_Udemy.testWith_StaticJsonPayload" time="6.037" errors="0" timestamp="2024-12-16T13:01:24 IST" skipped="0">
  <testcase classname="api_Udemy.testWith_StaticJsonPayload" name="POST_reqst" time="6.037"/>
  <system-out/>
</testsuite> <!-- api_Udemy.testWith_StaticJsonPayload -->
